TN:
SF:src/App.tsx
FN:9,App
FNF:1
FNH:1
FNDA:2,App
DA:10,2
LF:1
LH:1
BRF:0
BRH:0
end_of_record
TN:
SF:src/components/ImageUpload.tsx
FN:10,ImageUpload
FN:15,(anonymous_1)
FN:23,(anonymous_2)
FN:34,(anonymous_3)
FNF:4
FNH:0
FNDA:0,ImageUpload
FNDA:0,(anonymous_1)
FNDA:0,(anonymous_2)
FNDA:0,(anonymous_3)
DA:15,0
DA:16,0
DA:17,0
DA:18,0
DA:19,0
DA:23,0
DA:24,0
DA:25,0
DA:26,0
DA:30,0
DA:34,0
LF:11
LH:0
BRDA:12,0,0,0
BRDA:13,1,0,0
BRDA:18,2,0,0
BRDA:18,2,1,0
BRDA:18,3,0,0
BRDA:18,3,1,0
BRDA:18,3,2,0
BRDA:25,4,0,0
BRDA:25,4,1,0
BRDA:25,5,0,0
BRDA:25,5,1,0
BRF:11
BRH:0
end_of_record
TN:
SF:src/components/Layout.tsx
FN:13,Layout
FN:29,(anonymous_1)
FNF:2
FNH:2
FNDA:4,Layout
FNDA:16,(anonymous_1)
DA:6,1
DA:14,4
DA:16,4
DA:30,16
DA:31,16
LF:5
LH:5
BRDA:37,0,0,4
BRDA:37,0,1,12
BRF:2
BRH:2
end_of_record
TN:
SF:src/components/MetricsLoader.tsx
FN:3,(anonymous_0)
FN:6,(anonymous_1)
FNF:2
FNH:0
FNDA:0,(anonymous_0)
FNDA:0,(anonymous_1)
DA:3,0
DA:4,0
DA:7,0
LF:3
LH:0
BRF:0
BRH:0
end_of_record
TN:
SF:src/pages/About.tsx
FN:4,About
FNF:1
FNH:0
FNDA:0,About
DA:5,0
LF:1
LH:0
BRF:0
BRH:0
end_of_record
TN:
SF:src/pages/Denoise.tsx
FN:12,Denoise
FN:19,(anonymous_1)
FN:23,(anonymous_2)
FN:140,(anonymous_3)
FN:224,(anonymous_4)
FNF:5
FNH:0
FNDA:0,Denoise
FNDA:0,(anonymous_1)
FNDA:0,(anonymous_2)
FNDA:0,(anonymous_3)
FNDA:0,(anonymous_4)
DA:13,0
DA:14,0
DA:15,0
DA:16,0
DA:17,0
DA:19,0
DA:20,0
DA:22,0
DA:23,0
DA:24,0
DA:25,0
DA:26,0
DA:27,0
DA:29,0
DA:30,0
DA:33,0
DA:34,0
DA:35,0
DA:36,0
DA:37,0
DA:38,0
DA:40,0
DA:42,0
DA:50,0
DA:51,0
DA:52,0
DA:56,0
DA:59,0
DA:60,0
DA:61,0
DA:64,0
DA:65,0
DA:68,0
DA:69,0
DA:75,0
DA:79,0
DA:81,0
DA:82,0
DA:83,0
DA:87,0
DA:141,0
DA:142,0
DA:143,0
DA:144,0
DA:225,0
DA:226,0
DA:227,0
DA:228,0
DA:229,0
LF:49
LH:0
BRDA:50,0,0,0
BRDA:50,0,1,0
BRDA:52,1,0,0
BRDA:52,1,1,0
BRDA:64,2,0,0
BRDA:64,2,1,0
BRDA:71,3,0,0
BRDA:71,3,1,0
BRDA:100,4,0,0
BRDA:100,4,1,0
BRDA:121,5,0,0
BRDA:121,5,1,0
BRDA:126,6,0,0
BRDA:126,6,1,0
BRDA:131,7,0,0
BRDA:131,7,1,0
BRDA:165,8,0,0
BRDA:165,8,1,0
BRDA:167,9,0,0
BRDA:167,9,1,0
BRDA:169,10,0,0
BRDA:169,10,1,0
BRF:22
BRH:0
end_of_record
TN:
SF:src/pages/Filters.tsx
FN:11,Filters
FN:19,(anonymous_1)
FN:21,(anonymous_2)
FN:103,(anonymous_3)
FN:104,(anonymous_4)
FN:126,(anonymous_5)
FNF:6
FNH:0
FNDA:0,Filters
FNDA:0,(anonymous_1)
FNDA:0,(anonymous_2)
FNDA:0,(anonymous_3)
FNDA:0,(anonymous_4)
FNDA:0,(anonymous_5)
DA:5,0
DA:12,0
DA:13,0
DA:16,0
DA:17,0
DA:19,0
DA:20,0
DA:21,0
DA:22,0
DA:24,0
DA:26,0
DA:27,0
DA:28,0
DA:30,0
DA:31,0
DA:33,0
DA:34,0
DA:42,0
DA:43,0
DA:44,0
DA:47,0
DA:48,0
DA:50,0
DA:52,0
DA:56,0
DA:103,0
DA:105,0
DA:127,0
DA:128,0
DA:129,0
DA:130,0
LF:31
LH:0
BRDA:42,0,0,0
BRDA:42,0,1,0
BRDA:44,1,0,0
BRDA:44,1,1,0
BRDA:69,2,0,0
BRDA:69,2,1,0
BRDA:91,3,0,0
BRDA:91,3,1,0
BRDA:96,4,0,0
BRDA:96,4,1,0
BRDA:100,5,0,0
BRDA:100,5,1,0
BRF:12
BRH:0
end_of_record
TN:
SF:src/pages/Home.tsx
FN:5,Home
FNF:1
FNH:1
FNDA:6,Home
DA:6,6
LF:1
LH:1
BRF:0
BRH:0
end_of_record
